2024-06-30T00:18:14.285+05:30  INFO 6412 --- [TrackingNumber] [main] c.t.g.T.TrackingNumberApplication        : Starting TrackingNumberApplication using Java 17.0.11 with PID 6412 (C:\Users\jhaac\Downloads\TrackingNumber\TrackingNumber\target\classes started by jhaac in C:\Users\jhaac\Downloads\TrackingNumber\TrackingNumber)
2024-06-30T00:18:14.301+05:30  INFO 6412 --- [TrackingNumber] [main] c.t.g.T.TrackingNumberApplication        : No active profile set, falling back to 1 default profile: "default"
2024-06-30T00:18:15.701+05:30  INFO 6412 --- [TrackingNumber] [main] o.s.b.w.embedded.tomcat.TomcatWebServer  : Tomcat initialized with port 8080 (http)
2024-06-30T00:18:15.717+05:30  INFO 6412 --- [TrackingNumber] [main] o.apache.catalina.core.StandardService   : Starting service [Tomcat]
2024-06-30T00:18:15.718+05:30  INFO 6412 --- [TrackingNumber] [main] o.apache.catalina.core.StandardEngine    : Starting Servlet engine: [Apache Tomcat/10.1.25]
2024-06-30T00:18:15.805+05:30  INFO 6412 --- [TrackingNumber] [main] o.a.c.c.C.[Tomcat].[localhost].[/]       : Initializing Spring embedded WebApplicationContext
2024-06-30T00:18:15.806+05:30  INFO 6412 --- [TrackingNumber] [main] w.s.c.ServletWebServerApplicationContext : Root WebApplicationContext: initialization completed in 1411 ms
2024-06-30T00:18:16.325+05:30  INFO 6412 --- [TrackingNumber] [main] o.s.b.w.embedded.tomcat.TomcatWebServer  : Tomcat started on port 8080 (http) with context path '/'
2024-06-30T00:18:16.338+05:30  INFO 6412 --- [TrackingNumber] [main] c.t.g.T.TrackingNumberApplication        : Started TrackingNumberApplication in 2.683 seconds (process running for 3.204)
2024-06-30T00:18:39.157+05:30  INFO 16612 --- [TrackingNumber] [main] c.t.g.T.TrackingNumberApplication        : Starting TrackingNumberApplication using Java 17.0.11 with PID 16612 (C:\Users\jhaac\Downloads\TrackingNumber\TrackingNumber\target\classes started by jhaac in C:\Users\jhaac\Downloads\TrackingNumber\TrackingNumber)
2024-06-30T00:18:39.161+05:30  INFO 16612 --- [TrackingNumber] [main] c.t.g.T.TrackingNumberApplication        : No active profile set, falling back to 1 default profile: "default"
2024-06-30T00:18:40.290+05:30  INFO 16612 --- [TrackingNumber] [main] o.s.b.w.embedded.tomcat.TomcatWebServer  : Tomcat initialized with port 8080 (http)
2024-06-30T00:18:40.301+05:30  INFO 16612 --- [TrackingNumber] [main] o.apache.catalina.core.StandardService   : Starting service [Tomcat]
2024-06-30T00:18:40.301+05:30  INFO 16612 --- [TrackingNumber] [main] o.apache.catalina.core.StandardEngine    : Starting Servlet engine: [Apache Tomcat/10.1.25]
2024-06-30T00:18:40.364+05:30  INFO 16612 --- [TrackingNumber] [main] o.a.c.c.C.[Tomcat].[localhost].[/]       : Initializing Spring embedded WebApplicationContext
2024-06-30T00:18:40.364+05:30  INFO 16612 --- [TrackingNumber] [main] w.s.c.ServletWebServerApplicationContext : Root WebApplicationContext: initialization completed in 1128 ms
2024-06-30T00:18:40.786+05:30  INFO 16612 --- [TrackingNumber] [main] o.s.b.w.embedded.tomcat.TomcatWebServer  : Tomcat started on port 8080 (http) with context path '/'
2024-06-30T00:18:40.797+05:30  INFO 16612 --- [TrackingNumber] [main] c.t.g.T.TrackingNumberApplication        : Started TrackingNumberApplication in 2.382 seconds (process running for 2.859)
2024-06-30T00:18:43.092+05:30  INFO 16612 --- [TrackingNumber] [http-nio-8080-exec-1] o.a.c.c.C.[Tomcat].[localhost].[/]       : Initializing Spring DispatcherServlet 'dispatcherServlet'
2024-06-30T00:18:43.092+05:30  INFO 16612 --- [TrackingNumber] [http-nio-8080-exec-1] o.s.web.servlet.DispatcherServlet        : Initializing Servlet 'dispatcherServlet'
2024-06-30T00:18:43.094+05:30  INFO 16612 --- [TrackingNumber] [http-nio-8080-exec-1] o.s.web.servlet.DispatcherServlet        : Completed initialization in 1 ms
2024-06-30T00:18:43.133+05:30  INFO 16612 --- [TrackingNumber] [http-nio-8080-exec-1] c.t.g.T.c.TrackingNumberController       : generateUniqueTrackingNumber for TRK
2024-06-30T00:18:48.083+05:30  INFO 16612 --- [TrackingNumber] [http-nio-8080-exec-2] c.t.g.T.c.TrackingNumberController       : generateUniqueTrackingNumber for TRK
2024-06-30T00:18:50.056+05:30  INFO 16612 --- [TrackingNumber] [http-nio-8080-exec-3] c.t.g.T.c.TrackingNumberController       : generateUniqueTrackingNumber for TRK
2024-06-30T00:18:51.400+05:30  INFO 16612 --- [TrackingNumber] [http-nio-8080-exec-4] c.t.g.T.c.TrackingNumberController       : generateUniqueTrackingNumber for TRK
2024-06-30T00:18:52.538+05:30  INFO 16612 --- [TrackingNumber] [http-nio-8080-exec-5] c.t.g.T.c.TrackingNumberController       : generateUniqueTrackingNumber for TRK
2024-06-30T00:18:53.515+05:30  INFO 16612 --- [TrackingNumber] [http-nio-8080-exec-8] c.t.g.T.c.TrackingNumberController       : generateUniqueTrackingNumber for TRK
2024-06-30T00:18:54.451+05:30  INFO 16612 --- [TrackingNumber] [http-nio-8080-exec-9] c.t.g.T.c.TrackingNumberController       : generateUniqueTrackingNumber for TRK
2024-06-30T00:18:55.080+05:30  INFO 16612 --- [TrackingNumber] [http-nio-8080-exec-10] c.t.g.T.c.TrackingNumberController       : generateUniqueTrackingNumber for TRK
2024-06-30T00:18:55.718+05:30  INFO 16612 --- [TrackingNumber] [http-nio-8080-exec-1] c.t.g.T.c.TrackingNumberController       : generateUniqueTrackingNumber for TRK
2024-06-30T00:18:56.446+05:30  INFO 16612 --- [TrackingNumber] [http-nio-8080-exec-2] c.t.g.T.c.TrackingNumberController       : generateUniqueTrackingNumber for TRK
2024-06-30T00:18:57.091+05:30  INFO 16612 --- [TrackingNumber] [http-nio-8080-exec-3] c.t.g.T.c.TrackingNumberController       : generateUniqueTrackingNumber for TRK
2024-06-30T00:18:57.548+05:30  INFO 16612 --- [TrackingNumber] [http-nio-8080-exec-4] c.t.g.T.c.TrackingNumberController       : generateUniqueTrackingNumber for TRK
2024-06-30T00:18:57.855+05:30  INFO 16612 --- [TrackingNumber] [http-nio-8080-exec-5] c.t.g.T.c.TrackingNumberController       : generateUniqueTrackingNumber for TRK
2024-06-30T00:18:58.101+05:30  INFO 16612 --- [TrackingNumber] [http-nio-8080-exec-6] c.t.g.T.c.TrackingNumberController       : generateUniqueTrackingNumber for TRK
2024-06-30T00:18:58.341+05:30  INFO 16612 --- [TrackingNumber] [http-nio-8080-exec-7] c.t.g.T.c.TrackingNumberController       : generateUniqueTrackingNumber for TRK
2024-06-30T00:18:58.554+05:30  INFO 16612 --- [TrackingNumber] [http-nio-8080-exec-8] c.t.g.T.c.TrackingNumberController       : generateUniqueTrackingNumber for TRK
2024-06-30T00:18:58.731+05:30  INFO 16612 --- [TrackingNumber] [http-nio-8080-exec-9] c.t.g.T.c.TrackingNumberController       : generateUniqueTrackingNumber for TRK
2024-06-30T00:18:58.935+05:30  INFO 16612 --- [TrackingNumber] [http-nio-8080-exec-10] c.t.g.T.c.TrackingNumberController       : generateUniqueTrackingNumber for TRK
2024-06-30T00:18:59.678+05:30  INFO 16612 --- [TrackingNumber] [http-nio-8080-exec-1] c.t.g.T.c.TrackingNumberController       : generateUniqueTrackingNumber for TRK
2024-06-30T00:18:59.977+05:30  INFO 16612 --- [TrackingNumber] [http-nio-8080-exec-2] c.t.g.T.c.TrackingNumberController       : generateUniqueTrackingNumber for TRK
2024-06-30T00:19:00.197+05:30  INFO 16612 --- [TrackingNumber] [http-nio-8080-exec-3] c.t.g.T.c.TrackingNumberController       : generateUniqueTrackingNumber for TRK
2024-06-30T00:19:00.396+05:30  INFO 16612 --- [TrackingNumber] [http-nio-8080-exec-4] c.t.g.T.c.TrackingNumberController       : generateUniqueTrackingNumber for TRK
2024-06-30T00:19:00.670+05:30  INFO 16612 --- [TrackingNumber] [http-nio-8080-exec-5] c.t.g.T.c.TrackingNumberController       : generateUniqueTrackingNumber for TRK
2024-06-30T00:19:01.359+05:30  INFO 16612 --- [TrackingNumber] [http-nio-8080-exec-6] c.t.g.T.c.TrackingNumberController       : generateUniqueTrackingNumber for TRK
2024-06-30T00:19:02.048+05:30  INFO 16612 --- [TrackingNumber] [http-nio-8080-exec-7] c.t.g.T.c.TrackingNumberController       : generateUniqueTrackingNumber for TRK
2024-06-30T00:19:02.762+05:30  INFO 16612 --- [TrackingNumber] [http-nio-8080-exec-10] c.t.g.T.c.TrackingNumberController       : generateUniqueTrackingNumber for TRK
2024-06-30T00:19:03.502+05:30  INFO 16612 --- [TrackingNumber] [http-nio-8080-exec-1] c.t.g.T.c.TrackingNumberController       : generateUniqueTrackingNumber for TRK
2024-06-30T00:19:04.162+05:30  INFO 16612 --- [TrackingNumber] [http-nio-8080-exec-2] c.t.g.T.c.TrackingNumberController       : generateUniqueTrackingNumber for TRK
2024-06-30T00:19:04.826+05:30  INFO 16612 --- [TrackingNumber] [http-nio-8080-exec-3] c.t.g.T.c.TrackingNumberController       : generateUniqueTrackingNumber for TRK
2024-06-30T00:19:05.393+05:30  INFO 16612 --- [TrackingNumber] [http-nio-8080-exec-4] c.t.g.T.c.TrackingNumberController       : generateUniqueTrackingNumber for TRK
2024-06-30T00:19:06.061+05:30  INFO 16612 --- [TrackingNumber] [http-nio-8080-exec-5] c.t.g.T.c.TrackingNumberController       : generateUniqueTrackingNumber for TRK
2024-06-30T00:19:06.291+05:30  INFO 16612 --- [TrackingNumber] [http-nio-8080-exec-6] c.t.g.T.c.TrackingNumberController       : generateUniqueTrackingNumber for TRK
2024-06-30T00:19:06.557+05:30  INFO 16612 --- [TrackingNumber] [http-nio-8080-exec-7] c.t.g.T.c.TrackingNumberController       : generateUniqueTrackingNumber for TRK
2024-06-30T00:19:06.793+05:30  INFO 16612 --- [TrackingNumber] [http-nio-8080-exec-8] c.t.g.T.c.TrackingNumberController       : generateUniqueTrackingNumber for TRK
2024-06-30T00:19:08.139+05:30  INFO 16612 --- [TrackingNumber] [http-nio-8080-exec-9] c.t.g.T.c.TrackingNumberController       : generateUniqueTrackingNumber for TRK
2024-06-30T00:19:08.376+05:30  INFO 16612 --- [TrackingNumber] [http-nio-8080-exec-10] c.t.g.T.c.TrackingNumberController       : generateUniqueTrackingNumber for TRK
2024-06-30T00:19:08.605+05:30  INFO 16612 --- [TrackingNumber] [http-nio-8080-exec-1] c.t.g.T.c.TrackingNumberController       : generateUniqueTrackingNumber for TRK
2024-06-30T00:19:08.837+05:30  INFO 16612 --- [TrackingNumber] [http-nio-8080-exec-2] c.t.g.T.c.TrackingNumberController       : generateUniqueTrackingNumber for TRK
2024-06-30T00:19:09.034+05:30  INFO 16612 --- [TrackingNumber] [http-nio-8080-exec-3] c.t.g.T.c.TrackingNumberController       : generateUniqueTrackingNumber for TRK
2024-06-30T00:19:09.239+05:30  INFO 16612 --- [TrackingNumber] [http-nio-8080-exec-4] c.t.g.T.c.TrackingNumberController       : generateUniqueTrackingNumber for TRK
2024-06-30T00:20:31.866+05:30  INFO 304 --- [TrackingNumber] [main] c.t.g.T.TrackingNumberApplication        : Starting TrackingNumberApplication using Java 17.0.11 with PID 304 (C:\Users\jhaac\Downloads\TrackingNumber\TrackingNumber\target\classes started by jhaac in C:\Users\jhaac\Downloads\TrackingNumber\TrackingNumber)
2024-06-30T00:20:31.872+05:30  INFO 304 --- [TrackingNumber] [main] c.t.g.T.TrackingNumberApplication        : No active profile set, falling back to 1 default profile: "default"
2024-06-30T00:20:33.376+05:30  INFO 304 --- [TrackingNumber] [main] o.s.b.w.embedded.tomcat.TomcatWebServer  : Tomcat initialized with port 8080 (http)
2024-06-30T00:20:33.389+05:30  INFO 304 --- [TrackingNumber] [main] o.apache.catalina.core.StandardService   : Starting service [Tomcat]
2024-06-30T00:20:33.390+05:30  INFO 304 --- [TrackingNumber] [main] o.apache.catalina.core.StandardEngine    : Starting Servlet engine: [Apache Tomcat/10.1.25]
2024-06-30T00:20:33.462+05:30  INFO 304 --- [TrackingNumber] [main] o.a.c.c.C.[Tomcat].[localhost].[/]       : Initializing Spring embedded WebApplicationContext
2024-06-30T00:20:33.463+05:30  INFO 304 --- [TrackingNumber] [main] w.s.c.ServletWebServerApplicationContext : Root WebApplicationContext: initialization completed in 1498 ms
2024-06-30T00:20:33.901+05:30  INFO 304 --- [TrackingNumber] [main] o.s.b.w.embedded.tomcat.TomcatWebServer  : Tomcat started on port 8080 (http) with context path '/'
2024-06-30T00:20:33.911+05:30  INFO 304 --- [TrackingNumber] [main] c.t.g.T.TrackingNumberApplication        : Started TrackingNumberApplication in 2.655 seconds (process running for 3.153)
2024-06-30T00:20:35.413+05:30  INFO 304 --- [TrackingNumber] [http-nio-8080-exec-1] o.a.c.c.C.[Tomcat].[localhost].[/]       : Initializing Spring DispatcherServlet 'dispatcherServlet'
2024-06-30T00:20:35.413+05:30  INFO 304 --- [TrackingNumber] [http-nio-8080-exec-1] o.s.web.servlet.DispatcherServlet        : Initializing Servlet 'dispatcherServlet'
2024-06-30T00:20:35.415+05:30  INFO 304 --- [TrackingNumber] [http-nio-8080-exec-1] o.s.web.servlet.DispatcherServlet        : Completed initialization in 0 ms
2024-06-30T00:20:35.459+05:30  INFO 304 --- [TrackingNumber] [http-nio-8080-exec-1] c.t.g.T.c.TrackingNumberController       : generateUniqueTrackingNumber for TRK
2024-06-30T00:20:38.604+05:30  INFO 304 --- [TrackingNumber] [http-nio-8080-exec-2] c.t.g.T.c.TrackingNumberController       : generateUniqueTrackingNumber for TRK
2024-06-30T00:20:50.405+05:30  INFO 304 --- [TrackingNumber] [http-nio-8080-exec-5] c.t.g.T.c.TrackingNumberController       : generateUniqueTrackingNumber for TRK
2024-06-30T00:20:54.360+05:30  INFO 304 --- [TrackingNumber] [http-nio-8080-exec-8] c.t.g.T.c.TrackingNumberController       : generateUniqueTrackingNumber for TRK
2024-06-30T00:20:55.400+05:30  INFO 304 --- [TrackingNumber] [http-nio-8080-exec-9] c.t.g.T.c.TrackingNumberController       : generateUniqueTrackingNumber for TRK
2024-06-30T00:20:56.210+05:30  INFO 304 --- [TrackingNumber] [http-nio-8080-exec-10] c.t.g.T.c.TrackingNumberController       : generateUniqueTrackingNumber for TRK
2024-06-30T00:20:57.079+05:30  INFO 304 --- [TrackingNumber] [http-nio-8080-exec-1] c.t.g.T.c.TrackingNumberController       : generateUniqueTrackingNumber for TRK
2024-06-30T00:20:57.807+05:30  INFO 304 --- [TrackingNumber] [http-nio-8080-exec-2] c.t.g.T.c.TrackingNumberController       : generateUniqueTrackingNumber for TRK
2024-06-30T00:20:58.487+05:30  INFO 304 --- [TrackingNumber] [http-nio-8080-exec-5] c.t.g.T.c.TrackingNumberController       : generateUniqueTrackingNumber for TRK
2024-06-30T00:20:59.203+05:30  INFO 304 --- [TrackingNumber] [http-nio-8080-exec-7] c.t.g.T.c.TrackingNumberController       : generateUniqueTrackingNumber for TRK
2024-06-30T00:21:35.437+05:30  INFO 304 --- [TrackingNumber] [http-nio-8080-exec-9] c.t.g.T.c.TrackingNumberController       : generateUniqueTrackingNumber for TRK
2024-06-30T00:21:37.038+05:30  INFO 304 --- [TrackingNumber] [http-nio-8080-exec-10] c.t.g.T.c.TrackingNumberController       : generateUniqueTrackingNumber for TRK
2024-06-30T00:21:38.373+05:30  INFO 304 --- [TrackingNumber] [http-nio-8080-exec-4] c.t.g.T.c.TrackingNumberController       : generateUniqueTrackingNumber for TRK
2024-06-30T00:21:42.092+05:30  INFO 304 --- [TrackingNumber] [http-nio-8080-exec-3] c.t.g.T.c.TrackingNumberController       : generateUniqueTrackingNumber for TRK
2024-06-30T00:21:45.385+05:30  INFO 304 --- [TrackingNumber] [http-nio-8080-exec-5] c.t.g.T.c.TrackingNumberController       : generateUniqueTrackingNumber for TRK
2024-06-30T00:21:46.353+05:30  INFO 304 --- [TrackingNumber] [http-nio-8080-exec-7] c.t.g.T.c.TrackingNumberController       : generateUniqueTrackingNumber for TRK
2024-06-30T00:21:47.274+05:30  INFO 304 --- [TrackingNumber] [http-nio-8080-exec-8] c.t.g.T.c.TrackingNumberController       : generateUniqueTrackingNumber for TRK
2024-06-30T00:21:48.460+05:30  INFO 304 --- [TrackingNumber] [http-nio-8080-exec-10] c.t.g.T.c.TrackingNumberController       : generateUniqueTrackingNumber for TRK
2024-06-30T00:21:49.720+05:30  INFO 304 --- [TrackingNumber] [http-nio-8080-exec-2] c.t.g.T.c.TrackingNumberController       : generateUniqueTrackingNumber for TRK
2024-06-30T00:21:50.800+05:30  INFO 304 --- [TrackingNumber] [http-nio-8080-exec-1] c.t.g.T.c.TrackingNumberController       : generateUniqueTrackingNumber for TRK
2024-06-30T00:21:56.612+05:30  INFO 304 --- [TrackingNumber] [http-nio-8080-exec-4] c.t.g.T.c.TrackingNumberController       : generateUniqueTrackingNumber for TRK
2024-06-30T00:21:57.489+05:30  INFO 304 --- [TrackingNumber] [http-nio-8080-exec-3] c.t.g.T.c.TrackingNumberController       : generateUniqueTrackingNumber for TRK
2024-06-30T00:21:59.266+05:30  INFO 304 --- [TrackingNumber] [http-nio-8080-exec-8] c.t.g.T.c.TrackingNumberController       : generateUniqueTrackingNumber for TRK
2024-06-30T00:22:00.030+05:30  INFO 304 --- [TrackingNumber] [http-nio-8080-exec-6] c.t.g.T.c.TrackingNumberController       : generateUniqueTrackingNumber for TRK
2024-06-30T00:22:00.736+05:30  INFO 304 --- [TrackingNumber] [http-nio-8080-exec-9] c.t.g.T.c.TrackingNumberController       : generateUniqueTrackingNumber for TRK
2024-06-30T00:22:01.477+05:30  INFO 304 --- [TrackingNumber] [http-nio-8080-exec-10] c.t.g.T.c.TrackingNumberController       : generateUniqueTrackingNumber for TRK
2024-06-30T00:24:46.928+05:30  INFO 29168 --- [TrackingNumber] [main] c.t.g.T.TrackingNumberApplication        : Starting TrackingNumberApplication using Java 17.0.11 with PID 29168 (C:\Users\jhaac\Downloads\TrackingNumber\TrackingNumber\target\classes started by jhaac in C:\Users\jhaac\Downloads\TrackingNumber\TrackingNumber)
2024-06-30T00:24:46.932+05:30  INFO 29168 --- [TrackingNumber] [main] c.t.g.T.TrackingNumberApplication        : No active profile set, falling back to 1 default profile: "default"
2024-06-30T00:24:48.144+05:30  INFO 29168 --- [TrackingNumber] [main] o.s.b.w.embedded.tomcat.TomcatWebServer  : Tomcat initialized with port 8080 (http)
2024-06-30T00:24:48.156+05:30  INFO 29168 --- [TrackingNumber] [main] o.apache.catalina.core.StandardService   : Starting service [Tomcat]
2024-06-30T00:24:48.156+05:30  INFO 29168 --- [TrackingNumber] [main] o.apache.catalina.core.StandardEngine    : Starting Servlet engine: [Apache Tomcat/10.1.25]
2024-06-30T00:24:48.237+05:30  INFO 29168 --- [TrackingNumber] [main] o.a.c.c.C.[Tomcat].[localhost].[/]       : Initializing Spring embedded WebApplicationContext
2024-06-30T00:24:48.238+05:30  INFO 29168 --- [TrackingNumber] [main] w.s.c.ServletWebServerApplicationContext : Root WebApplicationContext: initialization completed in 1235 ms
2024-06-30T00:24:48.695+05:30  INFO 29168 --- [TrackingNumber] [main] o.s.b.w.embedded.tomcat.TomcatWebServer  : Tomcat started on port 8080 (http) with context path '/'
2024-06-30T00:24:48.706+05:30  INFO 29168 --- [TrackingNumber] [main] c.t.g.T.TrackingNumberApplication        : Started TrackingNumberApplication in 2.288 seconds (process running for 4.269)
2024-06-30T00:24:50.056+05:30  INFO 29168 --- [TrackingNumber] [http-nio-8080-exec-2] o.a.c.c.C.[Tomcat].[localhost].[/]       : Initializing Spring DispatcherServlet 'dispatcherServlet'
2024-06-30T00:24:50.056+05:30  INFO 29168 --- [TrackingNumber] [http-nio-8080-exec-2] o.s.web.servlet.DispatcherServlet        : Initializing Servlet 'dispatcherServlet'
2024-06-30T00:24:50.057+05:30  INFO 29168 --- [TrackingNumber] [http-nio-8080-exec-2] o.s.web.servlet.DispatcherServlet        : Completed initialization in 1 ms
2024-06-30T00:24:50.108+05:30  INFO 29168 --- [TrackingNumber] [http-nio-8080-exec-2] c.t.g.T.c.TrackingNumberController       : generateUniqueTrackingNumber for TN
2024-06-30T00:24:51.241+05:30  INFO 29168 --- [TrackingNumber] [http-nio-8080-exec-1] c.t.g.T.c.TrackingNumberController       : generateUniqueTrackingNumber for TN
2024-06-30T00:24:51.987+05:30  INFO 29168 --- [TrackingNumber] [http-nio-8080-exec-3] c.t.g.T.c.TrackingNumberController       : generateUniqueTrackingNumber for TN
2024-06-30T00:24:52.595+05:30  INFO 29168 --- [TrackingNumber] [http-nio-8080-exec-4] c.t.g.T.c.TrackingNumberController       : generateUniqueTrackingNumber for TN
2024-06-30T00:24:52.806+05:30  INFO 29168 --- [TrackingNumber] [http-nio-8080-exec-5] c.t.g.T.c.TrackingNumberController       : generateUniqueTrackingNumber for TN
2024-06-30T00:24:53.123+05:30  INFO 29168 --- [TrackingNumber] [http-nio-8080-exec-6] c.t.g.T.c.TrackingNumberController       : generateUniqueTrackingNumber for TN
2024-06-30T00:24:53.352+05:30  INFO 29168 --- [TrackingNumber] [http-nio-8080-exec-7] c.t.g.T.c.TrackingNumberController       : generateUniqueTrackingNumber for TN
2024-06-30T00:24:53.563+05:30  INFO 29168 --- [TrackingNumber] [http-nio-8080-exec-8] c.t.g.T.c.TrackingNumberController       : generateUniqueTrackingNumber for TN
2024-06-30T00:24:53.756+05:30  INFO 29168 --- [TrackingNumber] [http-nio-8080-exec-9] c.t.g.T.c.TrackingNumberController       : generateUniqueTrackingNumber for TN
2024-06-30T00:24:53.916+05:30  INFO 29168 --- [TrackingNumber] [http-nio-8080-exec-10] c.t.g.T.c.TrackingNumberController       : generateUniqueTrackingNumber for TN
2024-06-30T00:24:54.120+05:30  INFO 29168 --- [TrackingNumber] [http-nio-8080-exec-2] c.t.g.T.c.TrackingNumberController       : generateUniqueTrackingNumber for TN
2024-06-30T00:24:54.350+05:30  INFO 29168 --- [TrackingNumber] [http-nio-8080-exec-1] c.t.g.T.c.TrackingNumberController       : generateUniqueTrackingNumber for TN
2024-06-30T00:24:54.536+05:30  INFO 29168 --- [TrackingNumber] [http-nio-8080-exec-3] c.t.g.T.c.TrackingNumberController       : generateUniqueTrackingNumber for TN
2024-06-30T00:24:54.724+05:30  INFO 29168 --- [TrackingNumber] [http-nio-8080-exec-4] c.t.g.T.c.TrackingNumberController       : generateUniqueTrackingNumber for TN
2024-06-30T00:24:54.920+05:30  INFO 29168 --- [TrackingNumber] [http-nio-8080-exec-5] c.t.g.T.c.TrackingNumberController       : generateUniqueTrackingNumber for TN
2024-06-30T00:24:55.106+05:30  INFO 29168 --- [TrackingNumber] [http-nio-8080-exec-6] c.t.g.T.c.TrackingNumberController       : generateUniqueTrackingNumber for TN
2024-06-30T00:24:55.300+05:30  INFO 29168 --- [TrackingNumber] [http-nio-8080-exec-7] c.t.g.T.c.TrackingNumberController       : generateUniqueTrackingNumber for TN
2024-06-30T00:24:55.496+05:30  INFO 29168 --- [TrackingNumber] [http-nio-8080-exec-8] c.t.g.T.c.TrackingNumberController       : generateUniqueTrackingNumber for TN
2024-06-30T00:24:55.691+05:30  INFO 29168 --- [TrackingNumber] [http-nio-8080-exec-9] c.t.g.T.c.TrackingNumberController       : generateUniqueTrackingNumber for TN
2024-06-30T00:24:55.886+05:30  INFO 29168 --- [TrackingNumber] [http-nio-8080-exec-10] c.t.g.T.c.TrackingNumberController       : generateUniqueTrackingNumber for TN
2024-06-30T00:24:56.088+05:30  INFO 29168 --- [TrackingNumber] [http-nio-8080-exec-2] c.t.g.T.c.TrackingNumberController       : generateUniqueTrackingNumber for TN
2024-06-30T00:24:56.261+05:30  INFO 29168 --- [TrackingNumber] [http-nio-8080-exec-1] c.t.g.T.c.TrackingNumberController       : generateUniqueTrackingNumber for TN
2024-06-30T00:24:56.455+05:30  INFO 29168 --- [TrackingNumber] [http-nio-8080-exec-3] c.t.g.T.c.TrackingNumberController       : generateUniqueTrackingNumber for TN
2024-06-30T00:48:23.836+05:30  INFO 32204 --- [TrackingNumber] [main] c.t.g.T.TrackingNumberApplication        : Starting TrackingNumberApplication using Java 17.0.11 with PID 32204 (C:\Users\jhaac\Downloads\TrackingNumber\TrackingNumber\target\classes started by jhaac in C:\Users\jhaac\Downloads\TrackingNumber\TrackingNumber)
2024-06-30T00:48:23.843+05:30  INFO 32204 --- [TrackingNumber] [main] c.t.g.T.TrackingNumberApplication        : No active profile set, falling back to 1 default profile: "default"
2024-06-30T00:48:25.221+05:30  INFO 32204 --- [TrackingNumber] [main] o.s.b.w.embedded.tomcat.TomcatWebServer  : Tomcat initialized with port 8080 (http)
2024-06-30T00:48:25.233+05:30  INFO 32204 --- [TrackingNumber] [main] o.apache.catalina.core.StandardService   : Starting service [Tomcat]
2024-06-30T00:48:25.234+05:30  INFO 32204 --- [TrackingNumber] [main] o.apache.catalina.core.StandardEngine    : Starting Servlet engine: [Apache Tomcat/10.1.25]
2024-06-30T00:48:25.309+05:30  INFO 32204 --- [TrackingNumber] [main] o.a.c.c.C.[Tomcat].[localhost].[/]       : Initializing Spring embedded WebApplicationContext
2024-06-30T00:48:25.309+05:30  INFO 32204 --- [TrackingNumber] [main] w.s.c.ServletWebServerApplicationContext : Root WebApplicationContext: initialization completed in 1385 ms
2024-06-30T00:48:25.835+05:30  INFO 32204 --- [TrackingNumber] [main] o.s.b.w.embedded.tomcat.TomcatWebServer  : Tomcat started on port 8080 (http) with context path '/'
2024-06-30T00:48:25.846+05:30  INFO 32204 --- [TrackingNumber] [main] c.t.g.T.TrackingNumberApplication        : Started TrackingNumberApplication in 2.615 seconds (process running for 3.113)
2024-06-30T00:48:26.869+05:30  INFO 32204 --- [TrackingNumber] [http-nio-8080-exec-1] o.a.c.c.C.[Tomcat].[localhost].[/]       : Initializing Spring DispatcherServlet 'dispatcherServlet'
2024-06-30T00:48:26.870+05:30  INFO 32204 --- [TrackingNumber] [http-nio-8080-exec-1] o.s.web.servlet.DispatcherServlet        : Initializing Servlet 'dispatcherServlet'
2024-06-30T00:48:26.872+05:30  INFO 32204 --- [TrackingNumber] [http-nio-8080-exec-1] o.s.web.servlet.DispatcherServlet        : Completed initialization in 2 ms
2024-06-30T00:48:26.912+05:30  INFO 32204 --- [TrackingNumber] [http-nio-8080-exec-1] c.t.g.T.c.TrackingNumberController       : generateUniqueTrackingNumber for TN
2024-06-30T00:48:27.431+05:30  INFO 32204 --- [TrackingNumber] [http-nio-8080-exec-2] c.t.g.T.c.TrackingNumberController       : generateUniqueTrackingNumber for TN
2024-06-30T00:48:27.901+05:30  INFO 32204 --- [TrackingNumber] [http-nio-8080-exec-3] c.t.g.T.c.TrackingNumberController       : generateUniqueTrackingNumber for TN
2024-06-30T00:48:28.328+05:30  INFO 32204 --- [TrackingNumber] [http-nio-8080-exec-4] c.t.g.T.c.TrackingNumberController       : generateUniqueTrackingNumber for TN
2024-06-30T00:48:28.875+05:30  INFO 32204 --- [TrackingNumber] [http-nio-8080-exec-5] c.t.g.T.c.TrackingNumberController       : generateUniqueTrackingNumber for TN
2024-06-30T00:48:29.940+05:30  INFO 32204 --- [TrackingNumber] [http-nio-8080-exec-6] c.t.g.T.c.TrackingNumberController       : generateUniqueTrackingNumber for TN
2024-06-30T00:48:30.749+05:30  INFO 32204 --- [TrackingNumber] [http-nio-8080-exec-9] c.t.g.T.c.TrackingNumberController       : generateUniqueTrackingNumber for TN
2024-06-30T00:48:31.439+05:30  INFO 32204 --- [TrackingNumber] [http-nio-8080-exec-10] c.t.g.T.c.TrackingNumberController       : generateUniqueTrackingNumber for TN
2024-06-30T00:48:32.004+05:30  INFO 32204 --- [TrackingNumber] [http-nio-8080-exec-1] c.t.g.T.c.TrackingNumberController       : generateUniqueTrackingNumber for TN
2024-06-30T00:48:32.572+05:30  INFO 32204 --- [TrackingNumber] [http-nio-8080-exec-2] c.t.g.T.c.TrackingNumberController       : generateUniqueTrackingNumber for TN
